Building DAG of jobs...
Using shell: /bin/bash
Provided cores: 1 (use --cores to define parallelism)
Rules claiming more threads will be scaled down.
Job counts:
	count	jobs
	1	all
	1	rename
	2	virsorter
	4

[Tue Dec 15 09:24:05 2020]
rule virsorter:
    input: test/short_file2_renamed.fasta, scripts/VirSorter/wrapper_phage_contigs_sorter_iPlant.pl
    output: results/VirSorter/short_file2/VIRSorter_global-phage-signal.csv
    jobid: 2
    wildcards: base=short_file2

[Tue Dec 15 09:24:16 2020]
Finished job 2.
1 of 4 steps (25%) done

[Tue Dec 15 09:24:16 2020]
rule rename:
    input: test/short_file1.fasta, scripts/renaming_script/correct_contig_names.py
    output: test/short_file1_renamed.fasta
    jobid: 3
    wildcards: base=short_file1

[Tue Dec 15 09:24:17 2020]
Finished job 3.
2 of 4 steps (50%) done

[Tue Dec 15 09:24:17 2020]
rule virsorter:
    input: test/short_file1_renamed.fasta, scripts/VirSorter/wrapper_phage_contigs_sorter_iPlant.pl
    output: results/VirSorter/short_file1/VIRSorter_global-phage-signal.csv
    jobid: 1
    wildcards: base=short_file1

[Tue Dec 15 09:24:26 2020]
Finished job 1.
3 of 4 steps (75%) done

[Tue Dec 15 09:24:26 2020]
localrule all:
    input: results/VirSorter/short_file1/VIRSorter_global-phage-signal.csv, results/VirSorter/short_file2/VIRSorter_global-phage-signal.csv
    jobid: 0

[Tue Dec 15 09:24:26 2020]
Finished job 0.
4 of 4 steps (100%) done
Complete log: /xdisk/bhurwitz/mig2020/rsgrps/bhurwitz/alise/my_scripts/Viral_hunt_snakemake/.snakemake/log/2020-12-15T092405.011993.snakemake.log
