Building DAG of jobs...
Using shell: /bin/bash
Provided cluster nodes: 10
Job counts:
	count	jobs
	1	all
	3	vibrant
	3	virfinder
	3	virsorter
	10

[Tue Dec 29 12:34:03 2020]
rule vibrant:
    input: test/megahitCoassembly_SAMEA4817951_renamed.fasta
    output: results/Vibrant/VIBRANT_megahitCoassembly_SAMEA4817951_renamed/VIBRANT_log_megahitCoassembly_SAMEA4817951_renamed.log
    jobid: 9
    wildcards: base=megahitCoassembly_SAMEA4817951

Submitted job 9 with external jobid '3805052.head1.cm.cluster'.

[Tue Dec 29 12:34:04 2020]
rule vibrant:
    input: test/megahitCoassembly_SAMEA4817893_renamed.fasta
    output: results/Vibrant/VIBRANT_megahitCoassembly_SAMEA4817893_renamed/VIBRANT_log_megahitCoassembly_SAMEA4817893_renamed.log
    jobid: 7
    wildcards: base=megahitCoassembly_SAMEA4817893

Submitted job 7 with external jobid '3805053.head1.cm.cluster'.

[Tue Dec 29 12:34:05 2020]
rule vibrant:
    input: test/megahitCoassembly_SAMEA4817925_renamed.fasta
    output: results/Vibrant/VIBRANT_megahitCoassembly_SAMEA4817925_renamed/VIBRANT_log_megahitCoassembly_SAMEA4817925_renamed.log
    jobid: 8
    wildcards: base=megahitCoassembly_SAMEA4817925

Submitted job 8 with external jobid '3805054.head1.cm.cluster'.

[Tue Dec 29 12:34:05 2020]
rule virfinder:
    input: test/megahitCoassembly_SAMEA4817951_renamed.fasta, scripts/VirFinder/eval_default.r
    output: results/VirFinder/megahitCoassembly_SAMEA4817951.txt
    jobid: 6
    wildcards: base=megahitCoassembly_SAMEA4817951

Submitted job 6 with external jobid '3805055.head1.cm.cluster'.

[Tue Dec 29 12:34:06 2020]
rule virfinder:
    input: test/megahitCoassembly_SAMEA4817893_renamed.fasta, scripts/VirFinder/eval_default.r
    output: results/VirFinder/megahitCoassembly_SAMEA4817893.txt
    jobid: 4
    wildcards: base=megahitCoassembly_SAMEA4817893

Submitted job 4 with external jobid '3805056.head1.cm.cluster'.

[Tue Dec 29 12:34:06 2020]
rule virsorter:
    input: test/megahitCoassembly_SAMEA4817925_renamed.fasta, scripts/VirSorter/wrapper_phage_contigs_sorter_iPlant.pl
    output: results/VirSorter/megahitCoassembly_SAMEA4817925/VIRSorter_global-phage-signal.csv
    jobid: 2
    wildcards: base=megahitCoassembly_SAMEA4817925

Submitted job 2 with external jobid '3805057.head1.cm.cluster'.

[Tue Dec 29 12:34:06 2020]
rule virsorter:
    input: test/megahitCoassembly_SAMEA4817893_renamed.fasta, scripts/VirSorter/wrapper_phage_contigs_sorter_iPlant.pl
    output: results/VirSorter/megahitCoassembly_SAMEA4817893/VIRSorter_global-phage-signal.csv
    jobid: 1
    wildcards: base=megahitCoassembly_SAMEA4817893

Submitted job 1 with external jobid '3805058.head1.cm.cluster'.

[Tue Dec 29 12:34:06 2020]
rule virfinder:
    input: test/megahitCoassembly_SAMEA4817925_renamed.fasta, scripts/VirFinder/eval_default.r
    output: results/VirFinder/megahitCoassembly_SAMEA4817925.txt
    jobid: 5
    wildcards: base=megahitCoassembly_SAMEA4817925

Submitted job 5 with external jobid '3805059.head1.cm.cluster'.

[Tue Dec 29 12:34:07 2020]
rule virsorter:
    input: test/megahitCoassembly_SAMEA4817951_renamed.fasta, scripts/VirSorter/wrapper_phage_contigs_sorter_iPlant.pl
    output: results/VirSorter/megahitCoassembly_SAMEA4817951/VIRSorter_global-phage-signal.csv
    jobid: 3
    wildcards: base=megahitCoassembly_SAMEA4817951

Submitted job 3 with external jobid '3805060.head1.cm.cluster'.
[Tue Dec 29 12:34:13 2020]
Error in rule vibrant:
    jobid: 9
    output: results/Vibrant/VIBRANT_megahitCoassembly_SAMEA4817951_renamed/VIBRANT_log_megahitCoassembly_SAMEA4817951_renamed.log
    shell:
        
        source activate viral_env
        cd results/Vibrant
        VIBRANT_run.py -i ../../test/megahitCoassembly_SAMEA4817951_renamed.fasta
        cd ../..
        
        (one of the commands exited with non-zero exit code; note that snakemake uses bash strict mode!)
    cluster_jobid: 3805052.head1.cm.cluster

Error executing rule vibrant on cluster (jobid: 9, external: 3805052.head1.cm.cluster, jobscript: /xdisk/bhurwitz/mig2020/rsgrps/bhurwitz/alise/my_scripts/Viral_hunt_snakemake/.snakemake/tmp.zs2welkx/snakejob.vibrant.9.sh). For error details see the cluster log and the log files of the involved rule(s).
[Tue Dec 29 12:34:13 2020]
Error in rule vibrant:
    jobid: 7
    output: results/Vibrant/VIBRANT_megahitCoassembly_SAMEA4817893_renamed/VIBRANT_log_megahitCoassembly_SAMEA4817893_renamed.log
    shell:
        
        source activate viral_env
        cd results/Vibrant
        VIBRANT_run.py -i ../../test/megahitCoassembly_SAMEA4817893_renamed.fasta
        cd ../..
        
        (one of the commands exited with non-zero exit code; note that snakemake uses bash strict mode!)
    cluster_jobid: 3805053.head1.cm.cluster

Error executing rule vibrant on cluster (jobid: 7, external: 3805053.head1.cm.cluster, jobscript: /xdisk/bhurwitz/mig2020/rsgrps/bhurwitz/alise/my_scripts/Viral_hunt_snakemake/.snakemake/tmp.zs2welkx/snakejob.vibrant.7.sh). For error details see the cluster log and the log files of the involved rule(s).
[Tue Dec 29 12:34:13 2020]
Error in rule vibrant:
    jobid: 8
    output: results/Vibrant/VIBRANT_megahitCoassembly_SAMEA4817925_renamed/VIBRANT_log_megahitCoassembly_SAMEA4817925_renamed.log
    shell:
        
        source activate viral_env
        cd results/Vibrant
        VIBRANT_run.py -i ../../test/megahitCoassembly_SAMEA4817925_renamed.fasta
        cd ../..
        
        (one of the commands exited with non-zero exit code; note that snakemake uses bash strict mode!)
    cluster_jobid: 3805054.head1.cm.cluster

Error executing rule vibrant on cluster (jobid: 8, external: 3805054.head1.cm.cluster, jobscript: /xdisk/bhurwitz/mig2020/rsgrps/bhurwitz/alise/my_scripts/Viral_hunt_snakemake/.snakemake/tmp.zs2welkx/snakejob.vibrant.8.sh). For error details see the cluster log and the log files of the involved rule(s).
[Tue Dec 29 12:34:13 2020]
Error in rule virsorter:
    jobid: 2
    output: results/VirSorter/megahitCoassembly_SAMEA4817925/VIRSorter_global-phage-signal.csv
    shell:
        
        source activate viral_env
        scripts/VirSorter/wrapper_phage_contigs_sorter_iPlant.pl -f test/megahitCoassembly_SAMEA4817925_renamed.fasta --db 1 --wdir results/VirSorter/megahitCoassembly_SAMEA4817925 --ncpu 20 --data-dir /xdisk/bhurwitz/mig2020/rsgrps/bhurwitz/alise/tools/virsorter-data
        
        (one of the commands exited with non-zero exit code; note that snakemake uses bash strict mode!)
    cluster_jobid: 3805057.head1.cm.cluster

Error executing rule virsorter on cluster (jobid: 2, external: 3805057.head1.cm.cluster, jobscript: /xdisk/bhurwitz/mig2020/rsgrps/bhurwitz/alise/my_scripts/Viral_hunt_snakemake/.snakemake/tmp.zs2welkx/snakejob.virsorter.2.sh). For error details see the cluster log and the log files of the involved rule(s).
[Tue Dec 29 12:34:13 2020]
Error in rule virsorter:
    jobid: 1
    output: results/VirSorter/megahitCoassembly_SAMEA4817893/VIRSorter_global-phage-signal.csv
    shell:
        
        source activate viral_env
        scripts/VirSorter/wrapper_phage_contigs_sorter_iPlant.pl -f test/megahitCoassembly_SAMEA4817893_renamed.fasta --db 1 --wdir results/VirSorter/megahitCoassembly_SAMEA4817893 --ncpu 20 --data-dir /xdisk/bhurwitz/mig2020/rsgrps/bhurwitz/alise/tools/virsorter-data
        
        (one of the commands exited with non-zero exit code; note that snakemake uses bash strict mode!)
    cluster_jobid: 3805058.head1.cm.cluster

Error executing rule virsorter on cluster (jobid: 1, external: 3805058.head1.cm.cluster, jobscript: /xdisk/bhurwitz/mig2020/rsgrps/bhurwitz/alise/my_scripts/Viral_hunt_snakemake/.snakemake/tmp.zs2welkx/snakejob.virsorter.1.sh). For error details see the cluster log and the log files of the involved rule(s).
[Tue Dec 29 12:34:13 2020]
Error in rule virsorter:
    jobid: 3
    output: results/VirSorter/megahitCoassembly_SAMEA4817951/VIRSorter_global-phage-signal.csv
    shell:
        
        source activate viral_env
        scripts/VirSorter/wrapper_phage_contigs_sorter_iPlant.pl -f test/megahitCoassembly_SAMEA4817951_renamed.fasta --db 1 --wdir results/VirSorter/megahitCoassembly_SAMEA4817951 --ncpu 20 --data-dir /xdisk/bhurwitz/mig2020/rsgrps/bhurwitz/alise/tools/virsorter-data
        
        (one of the commands exited with non-zero exit code; note that snakemake uses bash strict mode!)
    cluster_jobid: 3805060.head1.cm.cluster

Error executing rule virsorter on cluster (jobid: 3, external: 3805060.head1.cm.cluster, jobscript: /xdisk/bhurwitz/mig2020/rsgrps/bhurwitz/alise/my_scripts/Viral_hunt_snakemake/.snakemake/tmp.zs2welkx/snakejob.virsorter.3.sh). For error details see the cluster log and the log files of the involved rule(s).
Will exit after finishing currently running jobs.
