Building DAG of jobs...
Using shell: /bin/bash
Provided cluster nodes: 10
Job counts:
	count	jobs
	1	all
	3	vibrant
	3	virfinder
	3	virsorter
	10

[Wed Dec 30 02:09:11 2020]
rule vibrant:
    input: test/megahitCoassembly_SAMEA4817893_renamed.fasta
    output: results/Vibrant/megahitCoassembly_SAMEA4817893_renamed/VIBRANT_megahitCoassembly_SAMEA4817893_renamed/VIBRANT_log_megahitCoassembly_SAMEA4817893_renamed.log
    jobid: 7
    wildcards: base=megahitCoassembly_SAMEA4817893

Submitted job 7 with external jobid '3805825.head1.cm.cluster'.

[Wed Dec 30 02:09:15 2020]
rule virsorter:
    input: test/megahitCoassembly_SAMEA4817951_renamed.fasta, scripts/VirSorter/wrapper_phage_contigs_sorter_iPlant.pl
    output: results/VirSorter/megahitCoassembly_SAMEA4817951/VIRSorter_global-phage-signal.csv
    jobid: 3
    wildcards: base=megahitCoassembly_SAMEA4817951

Submitted job 3 with external jobid '3805826.head1.cm.cluster'.

[Wed Dec 30 02:09:16 2020]
rule virfinder:
    input: test/megahitCoassembly_SAMEA4817951_renamed.fasta, scripts/VirFinder/eval_default.r
    output: results/VirFinder/megahitCoassembly_SAMEA4817951.txt
    jobid: 6
    wildcards: base=megahitCoassembly_SAMEA4817951

Submitted job 6 with external jobid '3805827.head1.cm.cluster'.

[Wed Dec 30 02:09:16 2020]
rule vibrant:
    input: test/megahitCoassembly_SAMEA4817925_renamed.fasta
    output: results/Vibrant/megahitCoassembly_SAMEA4817925_renamed/VIBRANT_megahitCoassembly_SAMEA4817925_renamed/VIBRANT_log_megahitCoassembly_SAMEA4817925_renamed.log
    jobid: 8
    wildcards: base=megahitCoassembly_SAMEA4817925

Submitted job 8 with external jobid '3805828.head1.cm.cluster'.

[Wed Dec 30 02:09:17 2020]
rule virfinder:
    input: test/megahitCoassembly_SAMEA4817925_renamed.fasta, scripts/VirFinder/eval_default.r
    output: results/VirFinder/megahitCoassembly_SAMEA4817925.txt
    jobid: 5
    wildcards: base=megahitCoassembly_SAMEA4817925

Submitted job 5 with external jobid '3805829.head1.cm.cluster'.

[Wed Dec 30 02:09:17 2020]
rule virsorter:
    input: test/megahitCoassembly_SAMEA4817925_renamed.fasta, scripts/VirSorter/wrapper_phage_contigs_sorter_iPlant.pl
    output: results/VirSorter/megahitCoassembly_SAMEA4817925/VIRSorter_global-phage-signal.csv
    jobid: 2
    wildcards: base=megahitCoassembly_SAMEA4817925

Submitted job 2 with external jobid '3805830.head1.cm.cluster'.

[Wed Dec 30 02:09:18 2020]
rule virsorter:
    input: test/megahitCoassembly_SAMEA4817893_renamed.fasta, scripts/VirSorter/wrapper_phage_contigs_sorter_iPlant.pl
    output: results/VirSorter/megahitCoassembly_SAMEA4817893/VIRSorter_global-phage-signal.csv
    jobid: 1
    wildcards: base=megahitCoassembly_SAMEA4817893

Submitted job 1 with external jobid '3805831.head1.cm.cluster'.

[Wed Dec 30 02:09:18 2020]
rule virfinder:
    input: test/megahitCoassembly_SAMEA4817893_renamed.fasta, scripts/VirFinder/eval_default.r
    output: results/VirFinder/megahitCoassembly_SAMEA4817893.txt
    jobid: 4
    wildcards: base=megahitCoassembly_SAMEA4817893

Submitted job 4 with external jobid '3805832.head1.cm.cluster'.

[Wed Dec 30 02:09:18 2020]
rule vibrant:
    input: test/megahitCoassembly_SAMEA4817951_renamed.fasta
    output: results/Vibrant/megahitCoassembly_SAMEA4817951_renamed/VIBRANT_megahitCoassembly_SAMEA4817951_renamed/VIBRANT_log_megahitCoassembly_SAMEA4817951_renamed.log
    jobid: 9
    wildcards: base=megahitCoassembly_SAMEA4817951

Submitted job 9 with external jobid '3805833.head1.cm.cluster'.
[Wed Dec 30 02:10:11 2020]
Error in rule vibrant:
    jobid: 7
    output: results/Vibrant/megahitCoassembly_SAMEA4817893_renamed/VIBRANT_megahitCoassembly_SAMEA4817893_renamed/VIBRANT_log_megahitCoassembly_SAMEA4817893_renamed.log
    shell:
        
        set +eu
        source activate viral_env
        cd results/Vibrant/megahitCoassembly_SAMEA4817893_renamed
        VIBRANT_run.py -i ../../test/megahitCoassembly_SAMEA4817893_renamed.fasta
        cd ../..
        
        (one of the commands exited with non-zero exit code; note that snakemake uses bash strict mode!)
    cluster_jobid: 3805825.head1.cm.cluster

Error executing rule vibrant on cluster (jobid: 7, external: 3805825.head1.cm.cluster, jobscript: /xdisk/bhurwitz/mig2020/rsgrps/bhurwitz/alise/my_scripts/Viral_hunt_snakemake/.snakemake/tmp.hdvjkzn_/snakejob.vibrant.7.sh). For error details see the cluster log and the log files of the involved rule(s).
[Wed Dec 30 02:10:11 2020]
Error in rule vibrant:
    jobid: 8
    output: results/Vibrant/megahitCoassembly_SAMEA4817925_renamed/VIBRANT_megahitCoassembly_SAMEA4817925_renamed/VIBRANT_log_megahitCoassembly_SAMEA4817925_renamed.log
    shell:
        
        set +eu
        source activate viral_env
        cd results/Vibrant/megahitCoassembly_SAMEA4817925_renamed
        VIBRANT_run.py -i ../../test/megahitCoassembly_SAMEA4817925_renamed.fasta
        cd ../..
        
        (one of the commands exited with non-zero exit code; note that snakemake uses bash strict mode!)
    cluster_jobid: 3805828.head1.cm.cluster

Error executing rule vibrant on cluster (jobid: 8, external: 3805828.head1.cm.cluster, jobscript: /xdisk/bhurwitz/mig2020/rsgrps/bhurwitz/alise/my_scripts/Viral_hunt_snakemake/.snakemake/tmp.hdvjkzn_/snakejob.vibrant.8.sh). For error details see the cluster log and the log files of the involved rule(s).
[Wed Dec 30 02:10:11 2020]
Error in rule vibrant:
    jobid: 9
    output: results/Vibrant/megahitCoassembly_SAMEA4817951_renamed/VIBRANT_megahitCoassembly_SAMEA4817951_renamed/VIBRANT_log_megahitCoassembly_SAMEA4817951_renamed.log
    shell:
        
        set +eu
        source activate viral_env
        cd results/Vibrant/megahitCoassembly_SAMEA4817951_renamed
        VIBRANT_run.py -i ../../test/megahitCoassembly_SAMEA4817951_renamed.fasta
        cd ../..
        
        (one of the commands exited with non-zero exit code; note that snakemake uses bash strict mode!)
    cluster_jobid: 3805833.head1.cm.cluster

Error executing rule vibrant on cluster (jobid: 9, external: 3805833.head1.cm.cluster, jobscript: /xdisk/bhurwitz/mig2020/rsgrps/bhurwitz/alise/my_scripts/Viral_hunt_snakemake/.snakemake/tmp.hdvjkzn_/snakejob.vibrant.9.sh). For error details see the cluster log and the log files of the involved rule(s).
[Wed Dec 30 03:58:49 2020]
Finished job 5.
1 of 10 steps (10%) done
[Wed Dec 30 04:34:31 2020]
Finished job 2.
2 of 10 steps (20%) done
[Wed Dec 30 04:45:12 2020]
Finished job 1.
3 of 10 steps (30%) done
[Wed Dec 30 04:47:52 2020]
Finished job 4.
4 of 10 steps (40%) done
[Wed Dec 30 05:22:25 2020]
Finished job 6.
5 of 10 steps (50%) done
[Wed Dec 30 06:16:59 2020]
Finished job 3.
6 of 10 steps (60%) done
Shutting down, this might take some time.
Exiting because a job execution failed. Look above for error message
Complete log: /xdisk/bhurwitz/mig2020/rsgrps/bhurwitz/alise/my_scripts/Viral_hunt_snakemake/.snakemake/log/2020-12-30T020911.603640.snakemake.log
