Building DAG of jobs...
Using shell: /bin/bash
Provided cluster nodes: 10
Job counts:
	count	jobs
	1	all
	3	vibrant
	3	virfinder
	3	virsorter
	10

[Tue Dec 29 12:39:03 2020]
rule virsorter:
    input: test/megahitCoassembly_SAMEA4817951_renamed.fasta, scripts/VirSorter/wrapper_phage_contigs_sorter_iPlant.pl
    output: results/VirSorter/megahitCoassembly_SAMEA4817951/VIRSorter_global-phage-signal.csv
    jobid: 3
    wildcards: base=megahitCoassembly_SAMEA4817951

Submitted job 3 with external jobid '3805065.head1.cm.cluster'.

[Tue Dec 29 12:39:04 2020]
rule vibrant:
    input: test/megahitCoassembly_SAMEA4817893_renamed.fasta
    output: results/Vibrant/VIBRANT_megahitCoassembly_SAMEA4817893_renamed/VIBRANT_log_megahitCoassembly_SAMEA4817893_renamed.log
    jobid: 7
    wildcards: base=megahitCoassembly_SAMEA4817893

Submitted job 7 with external jobid '3805066.head1.cm.cluster'.

[Tue Dec 29 12:39:06 2020]
rule virfinder:
    input: test/megahitCoassembly_SAMEA4817951_renamed.fasta, scripts/VirFinder/eval_default.r
    output: results/VirFinder/megahitCoassembly_SAMEA4817951.txt
    jobid: 6
    wildcards: base=megahitCoassembly_SAMEA4817951

Submitted job 6 with external jobid '3805067.head1.cm.cluster'.

[Tue Dec 29 12:39:06 2020]
rule virfinder:
    input: test/megahitCoassembly_SAMEA4817925_renamed.fasta, scripts/VirFinder/eval_default.r
    output: results/VirFinder/megahitCoassembly_SAMEA4817925.txt
    jobid: 5
    wildcards: base=megahitCoassembly_SAMEA4817925

Submitted job 5 with external jobid '3805068.head1.cm.cluster'.

[Tue Dec 29 12:39:06 2020]
rule virsorter:
    input: test/megahitCoassembly_SAMEA4817925_renamed.fasta, scripts/VirSorter/wrapper_phage_contigs_sorter_iPlant.pl
    output: results/VirSorter/megahitCoassembly_SAMEA4817925/VIRSorter_global-phage-signal.csv
    jobid: 2
    wildcards: base=megahitCoassembly_SAMEA4817925

Submitted job 2 with external jobid '3805069.head1.cm.cluster'.

[Tue Dec 29 12:39:07 2020]
rule vibrant:
    input: test/megahitCoassembly_SAMEA4817925_renamed.fasta
    output: results/Vibrant/VIBRANT_megahitCoassembly_SAMEA4817925_renamed/VIBRANT_log_megahitCoassembly_SAMEA4817925_renamed.log
    jobid: 8
    wildcards: base=megahitCoassembly_SAMEA4817925

Submitted job 8 with external jobid '3805070.head1.cm.cluster'.

[Tue Dec 29 12:39:07 2020]
rule vibrant:
    input: test/megahitCoassembly_SAMEA4817951_renamed.fasta
    output: results/Vibrant/VIBRANT_megahitCoassembly_SAMEA4817951_renamed/VIBRANT_log_megahitCoassembly_SAMEA4817951_renamed.log
    jobid: 9
    wildcards: base=megahitCoassembly_SAMEA4817951

Submitted job 9 with external jobid '3805071.head1.cm.cluster'.

[Tue Dec 29 12:39:07 2020]
rule virfinder:
    input: test/megahitCoassembly_SAMEA4817893_renamed.fasta, scripts/VirFinder/eval_default.r
    output: results/VirFinder/megahitCoassembly_SAMEA4817893.txt
    jobid: 4
    wildcards: base=megahitCoassembly_SAMEA4817893

Submitted job 4 with external jobid '3805072.head1.cm.cluster'.

[Tue Dec 29 12:39:07 2020]
rule virsorter:
    input: test/megahitCoassembly_SAMEA4817893_renamed.fasta, scripts/VirSorter/wrapper_phage_contigs_sorter_iPlant.pl
    output: results/VirSorter/megahitCoassembly_SAMEA4817893/VIRSorter_global-phage-signal.csv
    jobid: 1
    wildcards: base=megahitCoassembly_SAMEA4817893

Submitted job 1 with external jobid '3805073.head1.cm.cluster'.
[Tue Dec 29 12:57:05 2020]
Finished job 8.
1 of 10 steps (10%) done
[Tue Dec 29 13:04:45 2020]
Finished job 7.
2 of 10 steps (20%) done
[Tue Dec 29 13:16:26 2020]
Finished job 9.
3 of 10 steps (30%) done
[Tue Dec 29 14:28:11 2020]
Finished job 5.
4 of 10 steps (40%) done
[Tue Dec 29 15:08:54 2020]
Finished job 2.
5 of 10 steps (50%) done
[Tue Dec 29 15:40:37 2020]
Finished job 4.
6 of 10 steps (60%) done
[Tue Dec 29 15:43:17 2020]
Finished job 1.
7 of 10 steps (70%) done
[Tue Dec 29 16:17:49 2020]
Finished job 6.
8 of 10 steps (80%) done
[Tue Dec 29 17:16:23 2020]
Finished job 3.
9 of 10 steps (90%) done

[Tue Dec 29 17:16:23 2020]
localrule all:
    input: results/VirSorter/megahitCoassembly_SAMEA4817893/VIRSorter_global-phage-signal.csv, results/VirSorter/megahitCoassembly_SAMEA4817925/VIRSorter_global-phage-signal.csv, results/VirSorter/megahitCoassembly_SAMEA4817951/VIRSorter_global-phage-signal.csv, results/VirFinder/megahitCoassembly_SAMEA4817893.txt, results/VirFinder/megahitCoassembly_SAMEA4817925.txt, results/VirFinder/megahitCoassembly_SAMEA4817951.txt, results/Vibrant/VIBRANT_megahitCoassembly_SAMEA4817893_renamed/VIBRANT_log_megahitCoassembly_SAMEA4817893_renamed.log, results/Vibrant/VIBRANT_megahitCoassembly_SAMEA4817925_renamed/VIBRANT_log_megahitCoassembly_SAMEA4817925_renamed.log, results/Vibrant/VIBRANT_megahitCoassembly_SAMEA4817951_renamed/VIBRANT_log_megahitCoassembly_SAMEA4817951_renamed.log
    jobid: 0

[Tue Dec 29 17:16:23 2020]
Finished job 0.
10 of 10 steps (100%) done
Complete log: /xdisk/bhurwitz/mig2020/rsgrps/bhurwitz/alise/my_scripts/Viral_hunt_snakemake/.snakemake/log/2020-12-29T123903.597458.snakemake.log
