Building DAG of jobs...
Using shell: /bin/bash
Provided cores: 1 (use --cores to define parallelism)
Rules claiming more threads will be scaled down.
Job counts:
	count	jobs
	1	all
	1	rename
	2

[Tue Dec 15 07:00:20 2020]
rule rename:
    input: test/short_file1.fasta, scripts/renaming_script/correct_contig_names.py
    output: test/short_file1_renamed.fasta
    jobid: 1
    wildcards: base=test/short_file1

[Tue Dec 15 07:00:22 2020]
Finished job 1.
1 of 2 steps (50%) done

[Tue Dec 15 07:00:22 2020]
localrule all:
    input: test/short_file1_renamed.fasta
    jobid: 0

[Tue Dec 15 07:00:22 2020]
Finished job 0.
2 of 2 steps (100%) done
Complete log: /xdisk/bhurwitz/mig2020/rsgrps/bhurwitz/alise/my_scripts/Viral_hunt_snakemake/.snakemake/log/2020-12-15T070020.747897.snakemake.log
