Building DAG of jobs...
Using shell: /bin/bash
Provided cluster nodes: 10
Job counts:
	count	jobs
	1	all
	3	marvel
	3	metabat
	3	rename
	3	vibrant
	3	virfinder
	3	virsorter
	19

[Mon Jan  4 02:08:56 2021]
rule rename:
    input: test/SAMEA4817893.fasta, scripts/renaming_script/correct_contig_names.py
    output: test/SAMEA4817893_renamed.fasta
    jobid: 16
    wildcards: base=SAMEA4817893

Submitted job 16 with external jobid '3809074.head1.cm.cluster'.

[Mon Jan  4 02:08:57 2021]
rule rename:
    input: test/SAMEA4817951.fasta, scripts/renaming_script/correct_contig_names.py
    output: test/SAMEA4817951_renamed.fasta
    jobid: 18
    wildcards: base=SAMEA4817951

Submitted job 18 with external jobid '3809075.head1.cm.cluster'.

[Mon Jan  4 02:08:57 2021]
rule rename:
    input: test/SAMEA4817925.fasta, scripts/renaming_script/correct_contig_names.py
    output: test/SAMEA4817925_renamed.fasta
    jobid: 17
    wildcards: base=SAMEA4817925

Submitted job 17 with external jobid '3809076.head1.cm.cluster'.
[Mon Jan  4 02:09:56 2021]
Finished job 16.
1 of 19 steps (5%) done

[Mon Jan  4 02:09:56 2021]
rule metabat:
    input: test/SAMEA4817893_renamed.fasta, test/SAMEA4817893.bam
    output: test/SAMEA4817893_DEPTH.txt
    jobid: 10
    wildcards: base=SAMEA4817893

[Mon Jan  4 02:09:56 2021]
Finished job 18.
2 of 19 steps (11%) done
Submitted job 10 with external jobid '3809077.head1.cm.cluster'.

[Mon Jan  4 02:09:57 2021]
rule virfinder:
    input: test/SAMEA4817893_renamed.fasta, scripts/VirFinder/eval_default.r
    output: results/VirFinder/SAMEA4817893.txt
    jobid: 4
    wildcards: base=SAMEA4817893

Submitted job 4 with external jobid '3809078.head1.cm.cluster'.

[Mon Jan  4 02:09:57 2021]
rule virsorter:
    input: test/SAMEA4817893_renamed.fasta, scripts/VirSorter/wrapper_phage_contigs_sorter_iPlant.pl
    output: results/VirSorter/SAMEA4817893/VIRSorter_global-phage-signal.csv
    jobid: 1
    wildcards: base=SAMEA4817893

Submitted job 1 with external jobid '3809079.head1.cm.cluster'.

[Mon Jan  4 02:09:58 2021]
rule vibrant:
    input: test/SAMEA4817893_renamed.fasta
    output: results/Vibrant/SAMEA4817893_renamed/VIBRANT_SAMEA4817893_renamed/VIBRANT_log_SAMEA4817893_renamed.log
    jobid: 7
    wildcards: base=SAMEA4817893

Submitted job 7 with external jobid '3809080.head1.cm.cluster'.

[Mon Jan  4 02:09:58 2021]
rule metabat:
    input: test/SAMEA4817951_renamed.fasta, test/SAMEA4817951.bam
    output: test/SAMEA4817951_DEPTH.txt
    jobid: 12
    wildcards: base=SAMEA4817951

Submitted job 12 with external jobid '3809081.head1.cm.cluster'.

[Mon Jan  4 02:09:59 2021]
rule vibrant:
    input: test/SAMEA4817951_renamed.fasta
    output: results/Vibrant/SAMEA4817951_renamed/VIBRANT_SAMEA4817951_renamed/VIBRANT_log_SAMEA4817951_renamed.log
    jobid: 9
    wildcards: base=SAMEA4817951

Submitted job 9 with external jobid '3809082.head1.cm.cluster'.

[Mon Jan  4 02:09:59 2021]
rule virfinder:
    input: test/SAMEA4817951_renamed.fasta, scripts/VirFinder/eval_default.r
    output: results/VirFinder/SAMEA4817951.txt
    jobid: 6
    wildcards: base=SAMEA4817951

Submitted job 6 with external jobid '3809083.head1.cm.cluster'.

[Mon Jan  4 02:10:00 2021]
rule virsorter:
    input: test/SAMEA4817951_renamed.fasta, scripts/VirSorter/wrapper_phage_contigs_sorter_iPlant.pl
    output: results/VirSorter/SAMEA4817951/VIRSorter_global-phage-signal.csv
    jobid: 3
    wildcards: base=SAMEA4817951

Submitted job 3 with external jobid '3809084.head1.cm.cluster'.
[Mon Jan  4 02:10:26 2021]
Finished job 17.
3 of 19 steps (16%) done

[Mon Jan  4 02:10:26 2021]
rule virsorter:
    input: test/SAMEA4817925_renamed.fasta, scripts/VirSorter/wrapper_phage_contigs_sorter_iPlant.pl
    output: results/VirSorter/SAMEA4817925/VIRSorter_global-phage-signal.csv
    jobid: 2
    wildcards: base=SAMEA4817925

Submitted job 2 with external jobid '3809085.head1.cm.cluster'.

[Mon Jan  4 02:10:27 2021]
rule metabat:
    input: test/SAMEA4817925_renamed.fasta, test/SAMEA4817925.bam
    output: test/SAMEA4817925_DEPTH.txt
    jobid: 11
    wildcards: base=SAMEA4817925

Submitted job 11 with external jobid '3809086.head1.cm.cluster'.
[Mon Jan  4 02:12:05 2021]
Finished job 10.
4 of 19 steps (21%) done

[Mon Jan  4 02:12:05 2021]
rule virfinder:
    input: test/SAMEA4817925_renamed.fasta, scripts/VirFinder/eval_default.r
    output: results/VirFinder/SAMEA4817925.txt
    jobid: 5
    wildcards: base=SAMEA4817925

[Mon Jan  4 02:12:05 2021]
Finished job 11.
5 of 19 steps (26%) done
Submitted job 5 with external jobid '3809087.head1.cm.cluster'.

[Mon Jan  4 02:12:05 2021]
rule vibrant:
    input: test/SAMEA4817925_renamed.fasta
    output: results/Vibrant/SAMEA4817925_renamed/VIBRANT_SAMEA4817925_renamed/VIBRANT_log_SAMEA4817925_renamed.log
    jobid: 8
    wildcards: base=SAMEA4817925

Submitted job 8 with external jobid '3809088.head1.cm.cluster'.
[Mon Jan  4 02:19:14 2021]
Finished job 12.
6 of 19 steps (32%) done

[Mon Jan  4 02:19:14 2021]
rule marvel:
    input: test/SAMEA4817951_DEPTH.txt
    output: results/marvel/SAMEA4817951_bin/results/phage_bins/list_bins.txt
    jobid: 15
    wildcards: base=SAMEA4817951

Submitted job 15 with external jobid '3809089.head1.cm.cluster'.
[Mon Jan  4 02:19:25 2021]
Error in rule marvel:
    jobid: 15
    output: results/marvel/SAMEA4817951_bin/results/phage_bins/list_bins.txt
    shell:
        
        set +eu
        source activate viral_env
        python3 marvel_bins.py -i results/marvel/SAMEA4817951_bin/results/phage_bins -t 28 
        find results/marvel/SAMEA4817951_bin/results/phage_bins -name "*.fasta" >> results/marvel/SAMEA4817951_bin/results/phage_bins/list_bins.txt"
        
        (one of the commands exited with non-zero exit code; note that snakemake uses bash strict mode!)
    cluster_jobid: 3809089.head1.cm.cluster

Error executing rule marvel on cluster (jobid: 15, external: 3809089.head1.cm.cluster, jobscript: /xdisk/bhurwitz/mig2020/rsgrps/bhurwitz/alise/my_scripts/Viral_hunt_snakemake/.snakemake/tmp.kwwqtgy2/snakejob.marvel.15.sh). For error details see the cluster log and the log files of the involved rule(s).
[Mon Jan  4 03:50:23 2021]
Finished job 5.
7 of 19 steps (37%) done
[Mon Jan  4 04:29:06 2021]
Finished job 4.
8 of 19 steps (42%) done
[Mon Jan  4 04:33:46 2021]
Finished job 2.
9 of 19 steps (47%) done
[Mon Jan  4 04:40:27 2021]
Finished job 1.
10 of 19 steps (53%) done
[Mon Jan  4 05:24:10 2021]
Finished job 6.
11 of 19 steps (58%) done
[Mon Jan  4 06:28:55 2021]
Finished job 3.
12 of 19 steps (63%) done
[Mon Jan  4 07:19:39 2021]
Finished job 7.
13 of 19 steps (68%) done
[Mon Jan  4 07:42:21 2021]
Finished job 8.
14 of 19 steps (74%) done
Will exit after finishing currently running jobs.
