Building DAG of jobs...
Using shell: /bin/bash
Provided cluster nodes: 10
Job counts:
	count	jobs
	1	all
	3	marvel
	3	vibrant
	3	virfinder
	3	virsorter
	13

[Tue Jan  5 00:31:44 2021]
rule vibrant:
    input: test/SAMEA4817893_renamed.fasta
    output: results/Vibrant/SAMEA4817893_renamed/VIBRANT_SAMEA4817893_renamed/VIBRANT_log_SAMEA4817893_renamed.log
    jobid: 7
    wildcards: base=SAMEA4817893

Submitted job 7 with external jobid '3809569.head1.cm.cluster'.

[Tue Jan  5 00:31:45 2021]
rule virfinder:
    input: test/SAMEA4817893_renamed.fasta, scripts/VirFinder/eval_default.r
    output: results/VirFinder/SAMEA4817893.txt
    jobid: 4
    wildcards: base=SAMEA4817893

Submitted job 4 with external jobid '3809570.head1.cm.cluster'.

[Tue Jan  5 00:31:46 2021]
rule virsorter:
    input: test/SAMEA4817951_renamed.fasta, scripts/VirSorter/wrapper_phage_contigs_sorter_iPlant.pl
    output: results/VirSorter/SAMEA4817951/VIRSorter_global-phage-signal.csv
    jobid: 3
    wildcards: base=SAMEA4817951

Submitted job 3 with external jobid '3809571.head1.cm.cluster'.

[Tue Jan  5 00:31:46 2021]
rule virsorter:
    input: test/SAMEA4817925_renamed.fasta, scripts/VirSorter/wrapper_phage_contigs_sorter_iPlant.pl
    output: results/VirSorter/SAMEA4817925/VIRSorter_global-phage-signal.csv
    jobid: 2
    wildcards: base=SAMEA4817925

Submitted job 2 with external jobid '3809572.head1.cm.cluster'.

[Tue Jan  5 00:31:46 2021]
rule marvel:
    input: test/SAMEA4817951_DEPTH.txt
    output: results/marvel/SAMEA4817951_bin/results/phage_bins/list_bins.txt
    jobid: 15
    wildcards: base=SAMEA4817951

Submitted job 15 with external jobid '3809573.head1.cm.cluster'.

[Tue Jan  5 00:31:46 2021]
rule vibrant:
    input: test/SAMEA4817951_renamed.fasta
    output: results/Vibrant/SAMEA4817951_renamed/VIBRANT_SAMEA4817951_renamed/VIBRANT_log_SAMEA4817951_renamed.log
    jobid: 9
    wildcards: base=SAMEA4817951

Submitted job 9 with external jobid '3809574.head1.cm.cluster'.

[Tue Jan  5 00:31:47 2021]
rule vibrant:
    input: test/SAMEA4817925_renamed.fasta
    output: results/Vibrant/SAMEA4817925_renamed/VIBRANT_SAMEA4817925_renamed/VIBRANT_log_SAMEA4817925_renamed.log
    jobid: 8
    wildcards: base=SAMEA4817925

Submitted job 8 with external jobid '3809575.head1.cm.cluster'.

[Tue Jan  5 00:31:47 2021]
rule virfinder:
    input: test/SAMEA4817925_renamed.fasta, scripts/VirFinder/eval_default.r
    output: results/VirFinder/SAMEA4817925.txt
    jobid: 5
    wildcards: base=SAMEA4817925

Submitted job 5 with external jobid '3809576.head1.cm.cluster'.

[Tue Jan  5 00:31:47 2021]
rule virfinder:
    input: test/SAMEA4817951_renamed.fasta, scripts/VirFinder/eval_default.r
    output: results/VirFinder/SAMEA4817951.txt
    jobid: 6
    wildcards: base=SAMEA4817951

Submitted job 6 with external jobid '3809577.head1.cm.cluster'.

[Tue Jan  5 00:31:48 2021]
rule virsorter:
    input: test/SAMEA4817893_renamed.fasta, scripts/VirSorter/wrapper_phage_contigs_sorter_iPlant.pl
    output: results/VirSorter/SAMEA4817893/VIRSorter_global-phage-signal.csv
    jobid: 1
    wildcards: base=SAMEA4817893

Submitted job 1 with external jobid '3809578.head1.cm.cluster'.
[Tue Jan  5 00:32:16 2021]
Error in rule marvel:
    jobid: 15
    output: results/marvel/SAMEA4817951_bin/results/phage_bins/list_bins.txt
    shell:
        
        set +eu
        source activate viral_env
        python3 scripts/MARVEL/marvel_bins.py -i results/marvel/SAMEA4817951_bin/results/phage_bins -t 28 
        find results/marvel/SAMEA4817951_bin/results/phage_bins -name "*.fasta" >> results/marvel/SAMEA4817951_bin/results/phage_bins/list_bins.txt"
        
        (one of the commands exited with non-zero exit code; note that snakemake uses bash strict mode!)
    cluster_jobid: 3809573.head1.cm.cluster

Error executing rule marvel on cluster (jobid: 15, external: 3809573.head1.cm.cluster, jobscript: /xdisk/bhurwitz/mig2020/rsgrps/bhurwitz/alise/my_scripts/Viral_hunt_snakemake/.snakemake/tmp.atbn9kob/snakejob.marvel.15.sh). For error details see the cluster log and the log files of the involved rule(s).
[Tue Jan  5 02:22:49 2021]
Finished job 5.
1 of 13 steps (8%) done
[Tue Jan  5 02:51:33 2021]
Finished job 2.
2 of 13 steps (15%) done
[Tue Jan  5 03:01:15 2021]
Finished job 1.
3 of 13 steps (23%) done
[Tue Jan  5 03:09:47 2021]
Finished job 4.
4 of 13 steps (31%) done
[Tue Jan  5 03:46:31 2021]
Finished job 6.
5 of 13 steps (38%) done
[Tue Jan  5 04:29:06 2021]
Finished job 3.
6 of 13 steps (46%) done
[Tue Jan  5 06:05:07 2021]
Finished job 8.
7 of 13 steps (54%) done
Will exit after finishing currently running jobs.
